2025-05-18 21:25:05,215 ERROR:Traceback (most recent call last):
2025-05-18 21:25:05,215 ERROR:  File "C:\Users\Admin\AppData\Local\Programs\Python\Python312\Lib\runpy.py", line 198, in _run_module_as_main
2025-05-18 21:25:05,215 ERROR:return _run_code(code, main_globals, None,
2025-05-18 21:25:05,215 ERROR:^
2025-05-18 21:25:05,215 ERROR:^
2025-05-18 21:25:05,218 ERROR:^
2025-05-18 21:25:05,218 ERROR:^
2025-05-18 21:25:05,218 ERROR:^
2025-05-18 21:25:05,218 ERROR:^
2025-05-18 21:25:05,218 ERROR:^
2025-05-18 21:25:05,218 ERROR:^
2025-05-18 21:25:05,220 ERROR:^
2025-05-18 21:25:05,220 ERROR:^
2025-05-18 21:25:05,220 ERROR:^
2025-05-18 21:25:05,221 ERROR:^
2025-05-18 21:25:05,221 ERROR:^
2025-05-18 21:25:05,221 ERROR:^
2025-05-18 21:25:05,221 ERROR:^
2025-05-18 21:25:05,223 ERROR:^
2025-05-18 21:25:05,223 ERROR:^
2025-05-18 21:25:05,223 ERROR:^
2025-05-18 21:25:05,223 ERROR:^
2025-05-18 21:25:05,223 ERROR:^
2025-05-18 21:25:05,223 ERROR:^
2025-05-18 21:25:05,223 ERROR:^
2025-05-18 21:25:05,223 ERROR:^
2025-05-18 21:25:05,223 ERROR:^
2025-05-18 21:25:05,223 ERROR:^
2025-05-18 21:25:05,223 ERROR:^
2025-05-18 21:25:05,223 ERROR:^
2025-05-18 21:25:05,223 ERROR:^
2025-05-18 21:25:05,223 ERROR:^
2025-05-18 21:25:05,228 ERROR:^
2025-05-18 21:25:05,228 ERROR:^
2025-05-18 21:25:05,228 ERROR:^
2025-05-18 21:25:05,229 ERROR:^
2025-05-18 21:25:05,229 ERROR:^
2025-05-18 21:25:05,229 ERROR:^
2025-05-18 21:25:05,229 ERROR:  File "C:\Users\Admin\AppData\Local\Programs\Python\Python312\Lib\runpy.py", line 88, in _run_code
2025-05-18 21:25:05,229 ERROR:exec(code, run_globals)
2025-05-18 21:25:05,229 ERROR:  File "c:\Users\Admin\.vscode\extensions\ms-python.debugpy-2025.9.2025051201-win32-x64\bundled\libs\debugpy\launcher/../..\debugpy\__main__.py", line 71, in <module>
2025-05-18 21:25:05,245 ERROR:cli.main()
2025-05-18 21:25:05,245 ERROR:  File "c:\Users\Admin\.vscode\extensions\ms-python.debugpy-2025.9.2025051201-win32-x64\bundled\libs\debugpy\launcher/../..\debugpy/..\debugpy\server\cli.py", line 501, in main
2025-05-18 21:25:05,273 ERROR:run()
2025-05-18 21:25:05,276 ERROR:  File "c:\Users\Admin\.vscode\extensions\ms-python.debugpy-2025.9.2025051201-win32-x64\bundled\libs\debugpy\launcher/../..\debugpy/..\debugpy\server\cli.py", line 351, in run_file
2025-05-18 21:25:05,277 ERROR:runpy.run_path(target, run_name="__main__")
2025-05-18 21:25:05,279 ERROR:  File "c:\Users\Admin\.vscode\extensions\ms-python.debugpy-2025.9.2025051201-win32-x64\bundled\libs\debugpy\_vendored\pydevd\_pydevd_bundle\pydevd_runpy.py", line 310, in run_path
2025-05-18 21:25:05,304 ERROR:return _run_module_code(code, init_globals, run_name, pkg_name=pkg_name, script_name=fname)
2025-05-18 21:25:05,305 ERROR:^
2025-05-18 21:25:05,305 ERROR:^
2025-05-18 21:25:05,305 ERROR:^
2025-05-18 21:25:05,305 ERROR:^
2025-05-18 21:25:05,305 ERROR:^
2025-05-18 21:25:05,307 ERROR:^
2025-05-18 21:25:05,307 ERROR:^
2025-05-18 21:25:05,307 ERROR:^
2025-05-18 21:25:05,307 ERROR:^
2025-05-18 21:25:05,309 ERROR:^
2025-05-18 21:25:05,309 ERROR:^
2025-05-18 21:25:05,309 ERROR:^
2025-05-18 21:25:05,309 ERROR:^
2025-05-18 21:25:05,309 ERROR:^
2025-05-18 21:25:05,311 ERROR:^
2025-05-18 21:25:05,311 ERROR:^
2025-05-18 21:25:05,312 ERROR:^
2025-05-18 21:25:05,312 ERROR:^
2025-05-18 21:25:05,312 ERROR:^
2025-05-18 21:25:05,312 ERROR:^
2025-05-18 21:25:05,312 ERROR:^
2025-05-18 21:25:05,314 ERROR:^
2025-05-18 21:25:05,314 ERROR:^
2025-05-18 21:25:05,314 ERROR:^
2025-05-18 21:25:05,314 ERROR:^
2025-05-18 21:25:05,314 ERROR:^
2025-05-18 21:25:05,314 ERROR:^
2025-05-18 21:25:05,314 ERROR:^
2025-05-18 21:25:05,314 ERROR:^
2025-05-18 21:25:05,317 ERROR:^
2025-05-18 21:25:05,317 ERROR:^
2025-05-18 21:25:05,317 ERROR:^
2025-05-18 21:25:05,317 ERROR:^
2025-05-18 21:25:05,317 ERROR:^
2025-05-18 21:25:05,318 ERROR:^
2025-05-18 21:25:05,318 ERROR:^
2025-05-18 21:25:05,318 ERROR:^
2025-05-18 21:25:05,318 ERROR:^
2025-05-18 21:25:05,318 ERROR:^
2025-05-18 21:25:05,320 ERROR:^
2025-05-18 21:25:05,320 ERROR:^
2025-05-18 21:25:05,320 ERROR:^
2025-05-18 21:25:05,321 ERROR:^
2025-05-18 21:25:05,321 ERROR:^
2025-05-18 21:25:05,321 ERROR:^
2025-05-18 21:25:05,321 ERROR:^
2025-05-18 21:25:05,321 ERROR:^
2025-05-18 21:25:05,323 ERROR:^
2025-05-18 21:25:05,323 ERROR:^
2025-05-18 21:25:05,323 ERROR:^
2025-05-18 21:25:05,323 ERROR:^
2025-05-18 21:25:05,323 ERROR:^
2025-05-18 21:25:05,323 ERROR:^
2025-05-18 21:25:05,323 ERROR:^
2025-05-18 21:25:05,323 ERROR:^
2025-05-18 21:25:05,323 ERROR:^
2025-05-18 21:25:05,323 ERROR:^
2025-05-18 21:25:05,323 ERROR:^
2025-05-18 21:25:05,323 ERROR:^
2025-05-18 21:25:05,323 ERROR:^
2025-05-18 21:25:05,323 ERROR:^
2025-05-18 21:25:05,326 ERROR:^
2025-05-18 21:25:05,326 ERROR:^
2025-05-18 21:25:05,326 ERROR:^
2025-05-18 21:25:05,326 ERROR:^
2025-05-18 21:25:05,326 ERROR:^
2025-05-18 21:25:05,326 ERROR:^
2025-05-18 21:25:05,328 ERROR:^
2025-05-18 21:25:05,328 ERROR:^
2025-05-18 21:25:05,328 ERROR:^
2025-05-18 21:25:05,328 ERROR:^
2025-05-18 21:25:05,328 ERROR:^
2025-05-18 21:25:05,328 ERROR:^
2025-05-18 21:25:05,328 ERROR:^
2025-05-18 21:25:05,328 ERROR:^
2025-05-18 21:25:05,328 ERROR:^
2025-05-18 21:25:05,328 ERROR:^
2025-05-18 21:25:05,328 ERROR:^
2025-05-18 21:25:05,331 ERROR:^
2025-05-18 21:25:05,331 ERROR:^
2025-05-18 21:25:05,331 ERROR:^
2025-05-18 21:25:05,331 ERROR:^
2025-05-18 21:25:05,331 ERROR:^
2025-05-18 21:25:05,331 ERROR:^
2025-05-18 21:25:05,331 ERROR:  File "c:\Users\Admin\.vscode\extensions\ms-python.debugpy-2025.9.2025051201-win32-x64\bundled\libs\debugpy\_vendored\pydevd\_pydevd_bundle\pydevd_runpy.py", line 127, in _run_module_code
2025-05-18 21:25:05,331 ERROR:_run_code(code, mod_globals, init_globals, mod_name, mod_spec, pkg_name, script_name)
2025-05-18 21:25:05,331 ERROR:  File "c:\Users\Admin\.vscode\extensions\ms-python.debugpy-2025.9.2025051201-win32-x64\bundled\libs\debugpy\_vendored\pydevd\_pydevd_bundle\pydevd_runpy.py", line 118, in _run_code
2025-05-18 21:25:05,335 ERROR:exec(code, run_globals)
2025-05-18 21:25:05,335 ERROR:  File "c:\Users\Admin\pythonp\src\san5\APIWEB\run.py", line 13, in <module>
2025-05-18 21:25:05,335 ERROR:from routes import routes
2025-05-18 21:25:05,337 ERROR:  File "c:\Users\Admin\pythonp\src\san5\APIWEB\routes.py", line 49, in <module>
2025-05-18 21:25:05,337 ERROR:from fm.FImport import *
2025-05-18 21:25:05,338 ERROR:  File "c:\Users\Admin\pythonp\src\san5\fm\FImport.py", line 10, in <module>
2025-05-18 21:25:05,338 ERROR:from APIFE.api import (deactivate_old_api_keys, deactivate_old_tokens,
2025-05-18 21:25:05,338 ERROR:  File "c:\Users\Admin\pythonp\src\san5\APIFE\api.py", line 38, in <module>
2025-05-18 21:25:05,340 ERROR:logging.FileHandler(log_file),
2025-05-18 21:25:05,340 ERROR:^
2025-05-18 21:25:05,340 ERROR:^
2025-05-18 21:25:05,340 ERROR:^
2025-05-18 21:25:05,340 ERROR:^
2025-05-18 21:25:05,342 ERROR:^
2025-05-18 21:25:05,342 ERROR:^
2025-05-18 21:25:05,342 ERROR:^
2025-05-18 21:25:05,342 ERROR:^
2025-05-18 21:25:05,342 ERROR:^
2025-05-18 21:25:05,342 ERROR:^
2025-05-18 21:25:05,342 ERROR:^
2025-05-18 21:25:05,344 ERROR:^
2025-05-18 21:25:05,344 ERROR:^
2025-05-18 21:25:05,344 ERROR:^
2025-05-18 21:25:05,345 ERROR:^
2025-05-18 21:25:05,345 ERROR:^
2025-05-18 21:25:05,345 ERROR:^
2025-05-18 21:25:05,345 ERROR:^
2025-05-18 21:25:05,345 ERROR:^
2025-05-18 21:25:05,345 ERROR:^
2025-05-18 21:25:05,347 ERROR:^
2025-05-18 21:25:05,347 ERROR:^
2025-05-18 21:25:05,347 ERROR:^
2025-05-18 21:25:05,347 ERROR:^
2025-05-18 21:25:05,347 ERROR:^
2025-05-18 21:25:05,347 ERROR:^
2025-05-18 21:25:05,349 ERROR:^
2025-05-18 21:25:05,349 ERROR:^
2025-05-18 21:25:05,349 ERROR:^
2025-05-18 21:25:05,349 ERROR:  File "C:\Users\Admin\AppData\Local\Programs\Python\Python312\Lib\logging\__init__.py", line 1231, in __init__
2025-05-18 21:25:05,351 ERROR:StreamHandler.__init__(self, self._open())
2025-05-18 21:25:05,351 ERROR:^
2025-05-18 21:25:05,351 ERROR:^
2025-05-18 21:25:05,352 ERROR:^
2025-05-18 21:25:05,352 ERROR:^
2025-05-18 21:25:05,352 ERROR:^
2025-05-18 21:25:05,352 ERROR:^
2025-05-18 21:25:05,353 ERROR:^
2025-05-18 21:25:05,353 ERROR:^
2025-05-18 21:25:05,353 ERROR:^
2025-05-18 21:25:05,353 ERROR:^
2025-05-18 21:25:05,353 ERROR:^
2025-05-18 21:25:05,353 ERROR:^
2025-05-18 21:25:05,353 ERROR:  File "C:\Users\Admin\AppData\Local\Programs\Python\Python312\Lib\logging\__init__.py", line 1263, in _open
2025-05-18 21:25:05,355 ERROR:return open_func(self.baseFilename, self.mode,
2025-05-18 21:25:05,355 ERROR:^
2025-05-18 21:25:05,355 ERROR:^
2025-05-18 21:25:05,355 ERROR:^
2025-05-18 21:25:05,357 ERROR:^
2025-05-18 21:25:05,357 ERROR:^
2025-05-18 21:25:05,357 ERROR:^
2025-05-18 21:25:05,357 ERROR:^
2025-05-18 21:25:05,357 ERROR:^
2025-05-18 21:25:05,357 ERROR:^
2025-05-18 21:25:05,357 ERROR:^
2025-05-18 21:25:05,359 ERROR:^
2025-05-18 21:25:05,359 ERROR:^
2025-05-18 21:25:05,359 ERROR:^
2025-05-18 21:25:05,359 ERROR:^
2025-05-18 21:25:05,359 ERROR:^
2025-05-18 21:25:05,359 ERROR:^
2025-05-18 21:25:05,359 ERROR:^
2025-05-18 21:25:05,359 ERROR:^
2025-05-18 21:25:05,362 ERROR:^
2025-05-18 21:25:05,362 ERROR:^
2025-05-18 21:25:05,362 ERROR:^
2025-05-18 21:25:05,363 ERROR:^
2025-05-18 21:25:05,363 ERROR:^
2025-05-18 21:25:05,363 ERROR:^
2025-05-18 21:25:05,363 ERROR:^
2025-05-18 21:25:05,363 ERROR:^
2025-05-18 21:25:05,363 ERROR:^
2025-05-18 21:25:05,363 ERROR:^
2025-05-18 21:25:05,363 ERROR:^
2025-05-18 21:25:05,363 ERROR:^
2025-05-18 21:25:05,363 ERROR:^
2025-05-18 21:25:05,363 ERROR:^
2025-05-18 21:25:05,363 ERROR:^
2025-05-18 21:25:05,366 ERROR:^
2025-05-18 21:25:05,366 ERROR:^
2025-05-18 21:25:05,366 ERROR:^
2025-05-18 21:25:05,366 ERROR:^
2025-05-18 21:25:05,366 ERROR:^
2025-05-18 21:25:05,366 ERROR:^
2025-05-18 21:25:05,366 ERROR:FileNotFoundError
2025-05-18 21:25:05,366 ERROR::
2025-05-18 21:25:05,366 ERROR:[Errno 2] No such file or directory: 'c:\\Users\\Admin\\pythonp\\src\\san5\\APIFE\\data\\api.log'
