2025-05-18 17:46:35,210 ERROR:Traceback (most recent call last):
2025-05-18 17:46:35,210 ERROR:  File "c:\Users\Admin\pythonp\src\san5\APIWEB\run.py", line 13, in <module>
2025-05-18 17:46:35,211 ERROR:from routes import routes
2025-05-18 17:46:35,211 ERROR:  File "c:\Users\Admin\pythonp\src\san5\APIWEB\routes.py", line 49, in <module>
2025-05-18 17:46:35,211 ERROR:from fm.FImport import *
2025-05-18 17:46:35,211 ERROR:  File "c:\Users\Admin\pythonp\src\san5\fm\FImport.py", line 10, in <module>
2025-05-18 17:46:35,212 ERROR:from APIFE.api import (deactivate_old_api_keys, deactivate_old_tokens,
2025-05-18 17:46:35,212 ERROR:  File "c:\Users\Admin\pythonp\src\san5\APIFE\api.py", line 38, in <module>
2025-05-18 17:46:35,212 ERROR:logging.FileHandler(log_file),
2025-05-18 17:46:35,213 ERROR:^
2025-05-18 17:46:35,213 ERROR:^
2025-05-18 17:46:35,213 ERROR:^
2025-05-18 17:46:35,214 ERROR:^
2025-05-18 17:46:35,214 ERROR:^
2025-05-18 17:46:35,214 ERROR:^
2025-05-18 17:46:35,214 ERROR:^
2025-05-18 17:46:35,214 ERROR:^
2025-05-18 17:46:35,214 ERROR:^
2025-05-18 17:46:35,214 ERROR:^
2025-05-18 17:46:35,214 ERROR:^
2025-05-18 17:46:35,214 ERROR:^
2025-05-18 17:46:35,214 ERROR:^
2025-05-18 17:46:35,214 ERROR:^
2025-05-18 17:46:35,214 ERROR:^
2025-05-18 17:46:35,214 ERROR:^
2025-05-18 17:46:35,215 ERROR:^
2025-05-18 17:46:35,215 ERROR:^
2025-05-18 17:46:35,215 ERROR:^
2025-05-18 17:46:35,215 ERROR:^
2025-05-18 17:46:35,215 ERROR:^
2025-05-18 17:46:35,215 ERROR:^
2025-05-18 17:46:35,215 ERROR:^
2025-05-18 17:46:35,215 ERROR:^
2025-05-18 17:46:35,215 ERROR:^
2025-05-18 17:46:35,215 ERROR:^
2025-05-18 17:46:35,215 ERROR:^
2025-05-18 17:46:35,215 ERROR:^
2025-05-18 17:46:35,215 ERROR:^
2025-05-18 17:46:35,215 ERROR:  File "C:\Users\Admin\AppData\Local\Programs\Python\Python312\Lib\logging\__init__.py", line 1231, in __init__
2025-05-18 17:46:35,235 ERROR:StreamHandler.__init__(self, self._open())
2025-05-18 17:46:35,235 ERROR:^
2025-05-18 17:46:35,235 ERROR:^
2025-05-18 17:46:35,235 ERROR:^
2025-05-18 17:46:35,235 ERROR:^
2025-05-18 17:46:35,235 ERROR:^
2025-05-18 17:46:35,235 ERROR:^
2025-05-18 17:46:35,236 ERROR:^
2025-05-18 17:46:35,236 ERROR:^
2025-05-18 17:46:35,236 ERROR:^
2025-05-18 17:46:35,236 ERROR:^
2025-05-18 17:46:35,236 ERROR:^
2025-05-18 17:46:35,236 ERROR:^
2025-05-18 17:46:35,236 ERROR:  File "C:\Users\Admin\AppData\Local\Programs\Python\Python312\Lib\logging\__init__.py", line 1263, in _open
2025-05-18 17:46:35,236 ERROR:return open_func(self.baseFilename, self.mode,
2025-05-18 17:46:35,236 ERROR:^
2025-05-18 17:46:35,236 ERROR:^
2025-05-18 17:46:35,237 ERROR:^
2025-05-18 17:46:35,237 ERROR:^
2025-05-18 17:46:35,237 ERROR:^
2025-05-18 17:46:35,237 ERROR:^
2025-05-18 17:46:35,237 ERROR:^
2025-05-18 17:46:35,237 ERROR:^
2025-05-18 17:46:35,237 ERROR:^
2025-05-18 17:46:35,237 ERROR:^
2025-05-18 17:46:35,237 ERROR:^
2025-05-18 17:46:35,237 ERROR:^
2025-05-18 17:46:35,237 ERROR:^
2025-05-18 17:46:35,237 ERROR:^
2025-05-18 17:46:35,237 ERROR:^
2025-05-18 17:46:35,237 ERROR:^
2025-05-18 17:46:35,237 ERROR:^
2025-05-18 17:46:35,238 ERROR:^
2025-05-18 17:46:35,238 ERROR:^
2025-05-18 17:46:35,238 ERROR:^
2025-05-18 17:46:35,238 ERROR:^
2025-05-18 17:46:35,238 ERROR:^
2025-05-18 17:46:35,238 ERROR:^
2025-05-18 17:46:35,238 ERROR:^
2025-05-18 17:46:35,238 ERROR:^
2025-05-18 17:46:35,238 ERROR:^
2025-05-18 17:46:35,238 ERROR:^
2025-05-18 17:46:35,238 ERROR:^
2025-05-18 17:46:35,238 ERROR:^
2025-05-18 17:46:35,238 ERROR:^
2025-05-18 17:46:35,238 ERROR:^
2025-05-18 17:46:35,238 ERROR:^
2025-05-18 17:46:35,238 ERROR:^
2025-05-18 17:46:35,239 ERROR:^
2025-05-18 17:46:35,239 ERROR:^
2025-05-18 17:46:35,239 ERROR:^
2025-05-18 17:46:35,239 ERROR:^
2025-05-18 17:46:35,239 ERROR:^
2025-05-18 17:46:35,239 ERROR:^
2025-05-18 17:46:35,240 ERROR:FileNotFoundError
2025-05-18 17:46:35,240 ERROR::
2025-05-18 17:46:35,240 ERROR:[Errno 2] No such file or directory: 'c:\\Users\\Admin\\pythonp\\src\\san5\\APIFE\\data\\api.log'
