2025-05-18 18:32:59,374 INFO:Archivo de log renombrado a: c:\Users\Admin\pythonp\src\san5\APIFE\data\api20250518_183259..log
2025-05-18 18:32:59,646 INFO:Configuration loaded from config\config.json
2025-05-18 18:32:59,870 INFO:Tablas creadas exitosamente o ya existen.
2025-05-18 18:32:59,870 DEBUG:Looking up time zone info from registry
2025-05-18 18:32:59,873 INFO:Adding job tentatively -- it will be properly scheduled when the scheduler starts
2025-05-18 18:32:59,873 INFO:Added job "delete_expired_tokens" to job store "default"
2025-05-18 18:32:59,873 INFO:Scheduler started
2025-05-18 18:32:59,873 DEBUG:Looking for jobs to run
2025-05-18 18:32:59,873 INFO:Iniciando Uvicorn con SSL en https://0.0.0.0:8001
2025-05-18 18:32:59,873 DEBUG:Next wakeup is due at 2025-05-18 19:32:59.872295-04:00 (in 3599.998496 seconds)
2025-05-18 18:32:59,876 DEBUG:Using selector: SelectSelector
2025-05-18 18:32:59,919 INFO:Started server process [24284]
2025-05-18 18:32:59,920 INFO:Waiting for application startup.
2025-05-18 18:32:59,920 INFO:ASGI 'lifespan' protocol appears unsupported.
2025-05-18 18:32:59,920 INFO:Application startup complete.
2025-05-18 18:32:59,922 INFO:Uvicorn running on https://0.0.0.0:8001 (Press CTRL+C to quit)
2025-05-18 18:33:04,519 ERROR:2025-05-18 18:33:04,519 - INFO - Acceso a EstadosFiscales con autorización válida
2025-05-18 18:33:04,519 INFO:Acceso a EstadosFiscales con autorización válida
2025-05-18 18:33:04,919 INFO:127.0.0.1:53523 - "GET /EF?fecha_inicio=2024-12-16&fecha_fin=2025-01-31 HTTP/1.1" 200
2025-05-18 18:50:27,116 ERROR:2025-05-18 18:50:27,116 - INFO - Acceso a EstadosFiscales con autorización válida
2025-05-18 18:50:27,116 INFO:Acceso a EstadosFiscales con autorización válida
2025-05-18 18:50:27,483 INFO:192.168.1.4:61516 - "GET /EF?fecha_inicio=2024-12-16&fecha_fin=2025-01-31 HTTP/1.1" 200
