2025-05-20 12:10:13,858 INFO:Configuration loaded from config\config.json
2025-05-20 12:10:14,067 INFO:Tablas creadas exitosamente o ya existen.
2025-05-20 12:10:14,068 DEBUG:Looking up time zone info from registry
2025-05-20 12:10:14,073 INFO:Adding job tentatively -- it will be properly scheduled when the scheduler starts
2025-05-20 12:10:14,074 INFO:Added job "delete_expired_tokens" to job store "default"
2025-05-20 12:10:14,074 INFO:Scheduler started
2025-05-20 12:10:14,077 DEBUG:Looking for jobs to run
2025-05-20 12:10:14,077 INFO:Iniciando Uvicorn con SSL en https://0.0.0.0:8003
2025-05-20 12:10:14,077 DEBUG:Next wakeup is due at 2025-05-20 13:10:14.072175-04:00 (in 3599.994890 seconds)
2025-05-20 12:10:14,085 DEBUG:Using selector: SelectSelector
2025-05-20 12:10:14,229 INFO:Started server process [20080]
2025-05-20 12:10:14,230 INFO:Waiting for application startup.
2025-05-20 12:10:14,230 INFO:ASGI 'lifespan' protocol appears unsupported.
2025-05-20 12:10:14,231 INFO:Application startup complete.
2025-05-20 12:10:14,232 INFO:Uvicorn running on https://0.0.0.0:8003 (Press CTRL+C to quit)
2025-05-20 12:11:55,427 ERROR:2025-05-20 12:11:55,426 - INFO - Acceso a EstadosFiscales con autorización válida
2025-05-20 12:11:55,426 INFO:Acceso a EstadosFiscales con autorización válida
2025-05-20 12:11:55,749 INFO:127.0.0.1:65260 - "GET /EF?fecha_inicio=2024-12-16&fecha_fin=2025-01-31&caja=A&estado_fiscal=99 HTTP/1.1" 200
2025-05-20 12:12:25,911 ERROR:2025-05-20 12:12:25,911 - INFO - Acceso a EstadosFiscales con autorización válida
2025-05-20 12:12:25,911 INFO:Acceso a EstadosFiscales con autorización válida
