2025-05-18 17:47:09,837 ERROR:Traceback (most recent call last):
2025-05-18 17:47:09,837 ERROR:  File "c:\Users\Admin\pythonp\src\san5\APIWEB\run.py", line 13, in <module>
2025-05-18 17:47:09,838 ERROR:from routes import routes
2025-05-18 17:47:09,838 ERROR:  File "c:\Users\Admin\pythonp\src\san5\APIWEB\routes.py", line 49, in <module>
2025-05-18 17:47:09,839 ERROR:from fm.FImport import *
2025-05-18 17:47:09,839 ERROR:  File "c:\Users\Admin\pythonp\src\san5\fm\FImport.py", line 10, in <module>
2025-05-18 17:47:09,840 ERROR:from APIFE.api import (deactivate_old_api_keys, deactivate_old_tokens,
2025-05-18 17:47:09,840 ERROR:  File "c:\Users\Admin\pythonp\src\san5\APIFE\api.py", line 38, in <module>
2025-05-18 17:47:09,841 ERROR:logging.FileHandler(log_file),
2025-05-18 17:47:09,842 ERROR:^
2025-05-18 17:47:09,842 ERROR:^
2025-05-18 17:47:09,842 ERROR:^
2025-05-18 17:47:09,842 ERROR:^
2025-05-18 17:47:09,842 ERROR:^
2025-05-18 17:47:09,843 ERROR:^
2025-05-18 17:47:09,843 ERROR:^
2025-05-18 17:47:09,843 ERROR:^
2025-05-18 17:47:09,843 ERROR:^
2025-05-18 17:47:09,843 ERROR:^
2025-05-18 17:47:09,843 ERROR:^
2025-05-18 17:47:09,843 ERROR:^
2025-05-18 17:47:09,843 ERROR:^
2025-05-18 17:47:09,843 ERROR:^
2025-05-18 17:47:09,843 ERROR:^
2025-05-18 17:47:09,843 ERROR:^
2025-05-18 17:47:09,844 ERROR:^
2025-05-18 17:47:09,844 ERROR:^
2025-05-18 17:47:09,844 ERROR:^
2025-05-18 17:47:09,844 ERROR:^
2025-05-18 17:47:09,844 ERROR:^
2025-05-18 17:47:09,844 ERROR:^
2025-05-18 17:47:09,844 ERROR:^
2025-05-18 17:47:09,844 ERROR:^
2025-05-18 17:47:09,844 ERROR:^
2025-05-18 17:47:09,844 ERROR:^
2025-05-18 17:47:09,844 ERROR:^
2025-05-18 17:47:09,844 ERROR:^
2025-05-18 17:47:09,844 ERROR:^
2025-05-18 17:47:09,845 ERROR:  File "C:\Users\Admin\AppData\Local\Programs\Python\Python312\Lib\logging\__init__.py", line 1231, in __init__
2025-05-18 17:47:09,845 ERROR:StreamHandler.__init__(self, self._open())
2025-05-18 17:47:09,845 ERROR:^
2025-05-18 17:47:09,845 ERROR:^
2025-05-18 17:47:09,845 ERROR:^
2025-05-18 17:47:09,846 ERROR:^
2025-05-18 17:47:09,846 ERROR:^
2025-05-18 17:47:09,846 ERROR:^
2025-05-18 17:47:09,846 ERROR:^
2025-05-18 17:47:09,846 ERROR:^
2025-05-18 17:47:09,846 ERROR:^
2025-05-18 17:47:09,846 ERROR:^
2025-05-18 17:47:09,846 ERROR:^
2025-05-18 17:47:09,846 ERROR:^
2025-05-18 17:47:09,846 ERROR:  File "C:\Users\Admin\AppData\Local\Programs\Python\Python312\Lib\logging\__init__.py", line 1263, in _open
2025-05-18 17:47:09,847 ERROR:return open_func(self.baseFilename, self.mode,
2025-05-18 17:47:09,847 ERROR:^
2025-05-18 17:47:09,847 ERROR:^
2025-05-18 17:47:09,847 ERROR:^
2025-05-18 17:47:09,847 ERROR:^
2025-05-18 17:47:09,848 ERROR:^
2025-05-18 17:47:09,848 ERROR:^
2025-05-18 17:47:09,848 ERROR:^
2025-05-18 17:47:09,848 ERROR:^
2025-05-18 17:47:09,848 ERROR:^
2025-05-18 17:47:09,848 ERROR:^
2025-05-18 17:47:09,848 ERROR:^
2025-05-18 17:47:09,848 ERROR:^
2025-05-18 17:47:09,848 ERROR:^
2025-05-18 17:47:09,849 ERROR:^
2025-05-18 17:47:09,849 ERROR:^
2025-05-18 17:47:09,849 ERROR:^
2025-05-18 17:47:09,850 ERROR:^
2025-05-18 17:47:09,850 ERROR:^
2025-05-18 17:47:09,850 ERROR:^
2025-05-18 17:47:09,850 ERROR:^
2025-05-18 17:47:09,850 ERROR:^
2025-05-18 17:47:09,850 ERROR:^
2025-05-18 17:47:09,850 ERROR:^
2025-05-18 17:47:09,850 ERROR:^
2025-05-18 17:47:09,850 ERROR:^
2025-05-18 17:47:09,851 ERROR:^
2025-05-18 17:47:09,851 ERROR:^
2025-05-18 17:47:09,851 ERROR:^
2025-05-18 17:47:09,852 ERROR:^
2025-05-18 17:47:09,852 ERROR:^
2025-05-18 17:47:09,852 ERROR:^
2025-05-18 17:47:09,852 ERROR:^
2025-05-18 17:47:09,852 ERROR:^
2025-05-18 17:47:09,852 ERROR:^
2025-05-18 17:47:09,852 ERROR:^
2025-05-18 17:47:09,853 ERROR:^
2025-05-18 17:47:09,853 ERROR:^
2025-05-18 17:47:09,853 ERROR:^
2025-05-18 17:47:09,853 ERROR:^
2025-05-18 17:47:09,853 ERROR:FileNotFoundError
2025-05-18 17:47:09,853 ERROR::
2025-05-18 17:47:09,853 ERROR:[Errno 2] No such file or directory: 'c:\\Users\\Admin\\pythonp\\src\\san5\\APIFE\\data\\api.log'
