2025-05-18 21:26:16,542 ERROR:Traceback (most recent call last):
2025-05-18 21:26:16,542 ERROR:  File "C:\Users\Admin\AppData\Local\Programs\Python\Python312\Lib\runpy.py", line 198, in _run_module_as_main
2025-05-18 21:26:16,542 ERROR:return _run_code(code, main_globals, None,
2025-05-18 21:26:16,542 ERROR:^
2025-05-18 21:26:16,542 ERROR:^
2025-05-18 21:26:16,542 ERROR:^
2025-05-18 21:26:16,542 ERROR:^
2025-05-18 21:26:16,542 ERROR:^
2025-05-18 21:26:16,542 ERROR:^
2025-05-18 21:26:16,542 ERROR:^
2025-05-18 21:26:16,548 ERROR:^
2025-05-18 21:26:16,548 ERROR:^
2025-05-18 21:26:16,548 ERROR:^
2025-05-18 21:26:16,548 ERROR:^
2025-05-18 21:26:16,548 ERROR:^
2025-05-18 21:26:16,548 ERROR:^
2025-05-18 21:26:16,548 ERROR:^
2025-05-18 21:26:16,548 ERROR:^
2025-05-18 21:26:16,548 ERROR:^
2025-05-18 21:26:16,548 ERROR:^
2025-05-18 21:26:16,548 ERROR:^
2025-05-18 21:26:16,548 ERROR:^
2025-05-18 21:26:16,548 ERROR:^
2025-05-18 21:26:16,548 ERROR:^
2025-05-18 21:26:16,548 ERROR:^
2025-05-18 21:26:16,548 ERROR:^
2025-05-18 21:26:16,548 ERROR:^
2025-05-18 21:26:16,548 ERROR:^
2025-05-18 21:26:16,548 ERROR:^
2025-05-18 21:26:16,548 ERROR:^
2025-05-18 21:26:16,548 ERROR:^
2025-05-18 21:26:16,552 ERROR:^
2025-05-18 21:26:16,552 ERROR:^
2025-05-18 21:26:16,552 ERROR:^
2025-05-18 21:26:16,552 ERROR:^
2025-05-18 21:26:16,552 ERROR:^
2025-05-18 21:26:16,552 ERROR:^
2025-05-18 21:26:16,552 ERROR:^
2025-05-18 21:26:16,552 ERROR:  File "C:\Users\Admin\AppData\Local\Programs\Python\Python312\Lib\runpy.py", line 88, in _run_code
2025-05-18 21:26:16,552 ERROR:exec(code, run_globals)
2025-05-18 21:26:16,552 ERROR:  File "c:\Users\Admin\.vscode\extensions\ms-python.debugpy-2025.9.2025051201-win32-x64\bundled\libs\debugpy\launcher/../..\debugpy\__main__.py", line 71, in <module>
2025-05-18 21:26:16,554 ERROR:cli.main()
2025-05-18 21:26:16,554 ERROR:  File "c:\Users\Admin\.vscode\extensions\ms-python.debugpy-2025.9.2025051201-win32-x64\bundled\libs\debugpy\launcher/../..\debugpy/..\debugpy\server\cli.py", line 501, in main
2025-05-18 21:26:16,554 ERROR:run()
2025-05-18 21:26:16,554 ERROR:  File "c:\Users\Admin\.vscode\extensions\ms-python.debugpy-2025.9.2025051201-win32-x64\bundled\libs\debugpy\launcher/../..\debugpy/..\debugpy\server\cli.py", line 351, in run_file
2025-05-18 21:26:16,556 ERROR:runpy.run_path(target, run_name="__main__")
2025-05-18 21:26:16,556 ERROR:  File "c:\Users\Admin\.vscode\extensions\ms-python.debugpy-2025.9.2025051201-win32-x64\bundled\libs\debugpy\_vendored\pydevd\_pydevd_bundle\pydevd_runpy.py", line 310, in run_path
2025-05-18 21:26:16,556 ERROR:return _run_module_code(code, init_globals, run_name, pkg_name=pkg_name, script_name=fname)
2025-05-18 21:26:16,556 ERROR:^
2025-05-18 21:26:16,556 ERROR:^
2025-05-18 21:26:16,556 ERROR:^
2025-05-18 21:26:16,556 ERROR:^
2025-05-18 21:26:16,556 ERROR:^
2025-05-18 21:26:16,556 ERROR:^
2025-05-18 21:26:16,556 ERROR:^
2025-05-18 21:26:16,558 ERROR:^
2025-05-18 21:26:16,558 ERROR:^
2025-05-18 21:26:16,558 ERROR:^
2025-05-18 21:26:16,558 ERROR:^
2025-05-18 21:26:16,558 ERROR:^
2025-05-18 21:26:16,558 ERROR:^
2025-05-18 21:26:16,558 ERROR:^
2025-05-18 21:26:16,558 ERROR:^
2025-05-18 21:26:16,558 ERROR:^
2025-05-18 21:26:16,558 ERROR:^
2025-05-18 21:26:16,558 ERROR:^
2025-05-18 21:26:16,558 ERROR:^
2025-05-18 21:26:16,558 ERROR:^
2025-05-18 21:26:16,558 ERROR:^
2025-05-18 21:26:16,558 ERROR:^
2025-05-18 21:26:16,558 ERROR:^
2025-05-18 21:26:16,558 ERROR:^
2025-05-18 21:26:16,558 ERROR:^
2025-05-18 21:26:16,558 ERROR:^
2025-05-18 21:26:16,558 ERROR:^
2025-05-18 21:26:16,558 ERROR:^
2025-05-18 21:26:16,562 ERROR:^
2025-05-18 21:26:16,562 ERROR:^
2025-05-18 21:26:16,562 ERROR:^
2025-05-18 21:26:16,562 ERROR:^
2025-05-18 21:26:16,562 ERROR:^
2025-05-18 21:26:16,562 ERROR:^
2025-05-18 21:26:16,562 ERROR:^
2025-05-18 21:26:16,562 ERROR:^
2025-05-18 21:26:16,564 ERROR:^
2025-05-18 21:26:16,564 ERROR:^
2025-05-18 21:26:16,566 ERROR:^
2025-05-18 21:26:16,566 ERROR:^
2025-05-18 21:26:16,566 ERROR:^
2025-05-18 21:26:16,566 ERROR:^
2025-05-18 21:26:16,566 ERROR:^
2025-05-18 21:26:16,566 ERROR:^
2025-05-18 21:26:16,566 ERROR:^
2025-05-18 21:26:16,570 ERROR:^
2025-05-18 21:26:16,570 ERROR:^
2025-05-18 21:26:16,570 ERROR:^
2025-05-18 21:26:16,570 ERROR:^
2025-05-18 21:26:16,570 ERROR:^
2025-05-18 21:26:16,570 ERROR:^
2025-05-18 21:26:16,570 ERROR:^
2025-05-18 21:26:16,570 ERROR:^
2025-05-18 21:26:16,570 ERROR:^
2025-05-18 21:26:16,572 ERROR:^
2025-05-18 21:26:16,572 ERROR:^
2025-05-18 21:26:16,572 ERROR:^
2025-05-18 21:26:16,572 ERROR:^
2025-05-18 21:26:16,572 ERROR:^
2025-05-18 21:26:16,572 ERROR:^
2025-05-18 21:26:16,572 ERROR:^
2025-05-18 21:26:16,572 ERROR:^
2025-05-18 21:26:16,572 ERROR:^
2025-05-18 21:26:16,572 ERROR:^
2025-05-18 21:26:16,572 ERROR:^
2025-05-18 21:26:16,574 ERROR:^
2025-05-18 21:26:16,574 ERROR:^
2025-05-18 21:26:16,574 ERROR:^
2025-05-18 21:26:16,574 ERROR:^
2025-05-18 21:26:16,574 ERROR:^
2025-05-18 21:26:16,574 ERROR:^
2025-05-18 21:26:16,574 ERROR:^
2025-05-18 21:26:16,574 ERROR:^
2025-05-18 21:26:16,576 ERROR:^
2025-05-18 21:26:16,576 ERROR:^
2025-05-18 21:26:16,576 ERROR:^
2025-05-18 21:26:16,576 ERROR:^
2025-05-18 21:26:16,576 ERROR:^
2025-05-18 21:26:16,576 ERROR:^
2025-05-18 21:26:16,576 ERROR:^
2025-05-18 21:26:16,578 ERROR:^
2025-05-18 21:26:16,578 ERROR:^
2025-05-18 21:26:16,578 ERROR:^
2025-05-18 21:26:16,578 ERROR:^
2025-05-18 21:26:16,578 ERROR:  File "c:\Users\Admin\.vscode\extensions\ms-python.debugpy-2025.9.2025051201-win32-x64\bundled\libs\debugpy\_vendored\pydevd\_pydevd_bundle\pydevd_runpy.py", line 127, in _run_module_code
2025-05-18 21:26:16,578 ERROR:_run_code(code, mod_globals, init_globals, mod_name, mod_spec, pkg_name, script_name)
2025-05-18 21:26:16,578 ERROR:  File "c:\Users\Admin\.vscode\extensions\ms-python.debugpy-2025.9.2025051201-win32-x64\bundled\libs\debugpy\_vendored\pydevd\_pydevd_bundle\pydevd_runpy.py", line 118, in _run_code
2025-05-18 21:26:16,578 ERROR:exec(code, run_globals)
2025-05-18 21:26:16,578 ERROR:  File "c:\Users\Admin\pythonp\src\san5\APIWEB\run.py", line 13, in <module>
2025-05-18 21:26:16,582 ERROR:from routes import routes
2025-05-18 21:26:16,582 ERROR:  File "c:\Users\Admin\pythonp\src\san5\APIWEB\routes.py", line 49, in <module>
2025-05-18 21:26:16,582 ERROR:from fm.FImport import *
2025-05-18 21:26:16,582 ERROR:  File "c:\Users\Admin\pythonp\src\san5\fm\FImport.py", line 10, in <module>
2025-05-18 21:26:16,582 ERROR:from APIFE.api import (deactivate_old_api_keys, deactivate_old_tokens,
2025-05-18 21:26:16,583 ERROR:  File "c:\Users\Admin\pythonp\src\san5\APIFE\api.py", line 38, in <module>
2025-05-18 21:26:16,583 ERROR:logging.FileHandler(log_file),
2025-05-18 21:26:16,584 ERROR:^
2025-05-18 21:26:16,585 ERROR:^
2025-05-18 21:26:16,585 ERROR:^
2025-05-18 21:26:16,585 ERROR:^
2025-05-18 21:26:16,585 ERROR:^
2025-05-18 21:26:16,585 ERROR:^
2025-05-18 21:26:16,585 ERROR:^
2025-05-18 21:26:16,585 ERROR:^
2025-05-18 21:26:16,585 ERROR:^
2025-05-18 21:26:16,585 ERROR:^
2025-05-18 21:26:16,585 ERROR:^
2025-05-18 21:26:16,585 ERROR:^
2025-05-18 21:26:16,585 ERROR:^
2025-05-18 21:26:16,585 ERROR:^
2025-05-18 21:26:16,585 ERROR:^
2025-05-18 21:26:16,585 ERROR:^
2025-05-18 21:26:16,585 ERROR:^
2025-05-18 21:26:16,585 ERROR:^
2025-05-18 21:26:16,585 ERROR:^
2025-05-18 21:26:16,585 ERROR:^
2025-05-18 21:26:16,585 ERROR:^
2025-05-18 21:26:16,585 ERROR:^
2025-05-18 21:26:16,589 ERROR:^
2025-05-18 21:26:16,589 ERROR:^
2025-05-18 21:26:16,589 ERROR:^
2025-05-18 21:26:16,589 ERROR:^
2025-05-18 21:26:16,589 ERROR:^
2025-05-18 21:26:16,589 ERROR:^
2025-05-18 21:26:16,589 ERROR:^
2025-05-18 21:26:16,590 ERROR:  File "C:\Users\Admin\AppData\Local\Programs\Python\Python312\Lib\logging\__init__.py", line 1231, in __init__
2025-05-18 21:26:16,590 ERROR:StreamHandler.__init__(self, self._open())
2025-05-18 21:26:16,590 ERROR:^
2025-05-18 21:26:16,592 ERROR:^
2025-05-18 21:26:16,592 ERROR:^
2025-05-18 21:26:16,592 ERROR:^
2025-05-18 21:26:16,592 ERROR:^
2025-05-18 21:26:16,592 ERROR:^
2025-05-18 21:26:16,592 ERROR:^
2025-05-18 21:26:16,592 ERROR:^
2025-05-18 21:26:16,592 ERROR:^
2025-05-18 21:26:16,592 ERROR:^
2025-05-18 21:26:16,592 ERROR:^
2025-05-18 21:26:16,592 ERROR:^
2025-05-18 21:26:16,594 ERROR:  File "C:\Users\Admin\AppData\Local\Programs\Python\Python312\Lib\logging\__init__.py", line 1263, in _open
2025-05-18 21:26:16,594 ERROR:return open_func(self.baseFilename, self.mode,
2025-05-18 21:26:16,594 ERROR:^
2025-05-18 21:26:16,594 ERROR:^
2025-05-18 21:26:16,594 ERROR:^
2025-05-18 21:26:16,594 ERROR:^
2025-05-18 21:26:16,594 ERROR:^
2025-05-18 21:26:16,594 ERROR:^
2025-05-18 21:26:16,594 ERROR:^
2025-05-18 21:26:16,594 ERROR:^
2025-05-18 21:26:16,594 ERROR:^
2025-05-18 21:26:16,594 ERROR:^
2025-05-18 21:26:16,594 ERROR:^
2025-05-18 21:26:16,594 ERROR:^
2025-05-18 21:26:16,597 ERROR:^
2025-05-18 21:26:16,597 ERROR:^
2025-05-18 21:26:16,597 ERROR:^
2025-05-18 21:26:16,597 ERROR:^
2025-05-18 21:26:16,597 ERROR:^
2025-05-18 21:26:16,597 ERROR:^
2025-05-18 21:26:16,597 ERROR:^
2025-05-18 21:26:16,597 ERROR:^
2025-05-18 21:26:16,597 ERROR:^
2025-05-18 21:26:16,597 ERROR:^
2025-05-18 21:26:16,597 ERROR:^
2025-05-18 21:26:16,597 ERROR:^
2025-05-18 21:26:16,597 ERROR:^
2025-05-18 21:26:16,597 ERROR:^
2025-05-18 21:26:16,597 ERROR:^
2025-05-18 21:26:16,597 ERROR:^
2025-05-18 21:26:16,597 ERROR:^
2025-05-18 21:26:16,602 ERROR:^
2025-05-18 21:26:16,602 ERROR:^
2025-05-18 21:26:16,602 ERROR:^
2025-05-18 21:26:16,602 ERROR:^
2025-05-18 21:26:16,603 ERROR:^
2025-05-18 21:26:16,603 ERROR:^
2025-05-18 21:26:16,603 ERROR:^
2025-05-18 21:26:16,603 ERROR:^
2025-05-18 21:26:16,603 ERROR:^
2025-05-18 21:26:16,603 ERROR:^
2025-05-18 21:26:16,603 ERROR:FileNotFoundError
2025-05-18 21:26:16,603 ERROR::
2025-05-18 21:26:16,603 ERROR:[Errno 2] No such file or directory: 'c:\\Users\\Admin\\pythonp\\src\\san5\\APIFE\\data\\api.log'
