2025-05-18 21:19:41,926 ERROR:Traceback (most recent call last):
2025-05-18 21:19:41,926 ERROR:  File "c:\Users\Admin\pythonp\src\san5\APIWEB\run.py", line 13, in <module>
2025-05-18 21:19:41,927 ERROR:from routes import routes
2025-05-18 21:19:41,927 ERROR:  File "c:\Users\Admin\pythonp\src\san5\APIWEB\routes.py", line 49, in <module>
2025-05-18 21:19:41,927 ERROR:from fm.FImport import *
2025-05-18 21:19:41,927 ERROR:  File "c:\Users\Admin\pythonp\src\san5\fm\FImport.py", line 10, in <module>
2025-05-18 21:19:41,929 ERROR:from APIFE.api import (deactivate_old_api_keys, deactivate_old_tokens,
2025-05-18 21:19:41,929 ERROR:  File "c:\Users\Admin\pythonp\src\san5\APIFE\api.py", line 38, in <module>
2025-05-18 21:19:41,929 ERROR:logging.FileHandler(log_file),
2025-05-18 21:19:41,929 ERROR:^
2025-05-18 21:19:41,929 ERROR:^
2025-05-18 21:19:41,930 ERROR:^
2025-05-18 21:19:41,930 ERROR:^
2025-05-18 21:19:41,930 ERROR:^
2025-05-18 21:19:41,930 ERROR:^
2025-05-18 21:19:41,930 ERROR:^
2025-05-18 21:19:41,930 ERROR:^
2025-05-18 21:19:41,930 ERROR:^
2025-05-18 21:19:41,930 ERROR:^
2025-05-18 21:19:41,930 ERROR:^
2025-05-18 21:19:41,930 ERROR:^
2025-05-18 21:19:41,930 ERROR:^
2025-05-18 21:19:41,932 ERROR:^
2025-05-18 21:19:41,932 ERROR:^
2025-05-18 21:19:41,932 ERROR:^
2025-05-18 21:19:41,932 ERROR:^
2025-05-18 21:19:41,932 ERROR:^
2025-05-18 21:19:41,932 ERROR:^
2025-05-18 21:19:41,932 ERROR:^
2025-05-18 21:19:41,932 ERROR:^
2025-05-18 21:19:41,932 ERROR:^
2025-05-18 21:19:41,932 ERROR:^
2025-05-18 21:19:41,932 ERROR:^
2025-05-18 21:19:41,932 ERROR:^
2025-05-18 21:19:41,932 ERROR:^
2025-05-18 21:19:41,932 ERROR:^
2025-05-18 21:19:41,933 ERROR:^
2025-05-18 21:19:41,933 ERROR:^
2025-05-18 21:19:41,933 ERROR:  File "C:\Users\Admin\AppData\Local\Programs\Python\Python312\Lib\logging\__init__.py", line 1231, in __init__
2025-05-18 21:19:41,933 ERROR:StreamHandler.__init__(self, self._open())
2025-05-18 21:19:41,934 ERROR:^
2025-05-18 21:19:41,934 ERROR:^
2025-05-18 21:19:41,934 ERROR:^
2025-05-18 21:19:41,934 ERROR:^
2025-05-18 21:19:41,934 ERROR:^
2025-05-18 21:19:41,934 ERROR:^
2025-05-18 21:19:41,934 ERROR:^
2025-05-18 21:19:41,934 ERROR:^
2025-05-18 21:19:41,934 ERROR:^
2025-05-18 21:19:41,934 ERROR:^
2025-05-18 21:19:41,934 ERROR:^
2025-05-18 21:19:41,935 ERROR:^
2025-05-18 21:19:41,935 ERROR:  File "C:\Users\Admin\AppData\Local\Programs\Python\Python312\Lib\logging\__init__.py", line 1263, in _open
2025-05-18 21:19:41,935 ERROR:return open_func(self.baseFilename, self.mode,
2025-05-18 21:19:41,936 ERROR:^
2025-05-18 21:19:41,936 ERROR:^
2025-05-18 21:19:41,936 ERROR:^
2025-05-18 21:19:41,936 ERROR:^
2025-05-18 21:19:41,936 ERROR:^
2025-05-18 21:19:41,936 ERROR:^
2025-05-18 21:19:41,936 ERROR:^
2025-05-18 21:19:41,936 ERROR:^
2025-05-18 21:19:41,936 ERROR:^
2025-05-18 21:19:41,936 ERROR:^
2025-05-18 21:19:41,937 ERROR:^
2025-05-18 21:19:41,937 ERROR:^
2025-05-18 21:19:41,937 ERROR:^
2025-05-18 21:19:41,937 ERROR:^
2025-05-18 21:19:41,937 ERROR:^
2025-05-18 21:19:41,937 ERROR:^
2025-05-18 21:19:41,937 ERROR:^
2025-05-18 21:19:41,937 ERROR:^
2025-05-18 21:19:41,937 ERROR:^
2025-05-18 21:19:41,937 ERROR:^
2025-05-18 21:19:41,938 ERROR:^
2025-05-18 21:19:41,938 ERROR:^
2025-05-18 21:19:41,938 ERROR:^
2025-05-18 21:19:41,938 ERROR:^
2025-05-18 21:19:41,938 ERROR:^
2025-05-18 21:19:41,938 ERROR:^
2025-05-18 21:19:41,938 ERROR:^
2025-05-18 21:19:41,938 ERROR:^
2025-05-18 21:19:41,938 ERROR:^
2025-05-18 21:19:41,939 ERROR:^
2025-05-18 21:19:41,939 ERROR:^
2025-05-18 21:19:41,939 ERROR:^
2025-05-18 21:19:41,939 ERROR:^
2025-05-18 21:19:41,939 ERROR:^
2025-05-18 21:19:41,939 ERROR:^
2025-05-18 21:19:41,939 ERROR:^
2025-05-18 21:19:41,939 ERROR:^
2025-05-18 21:19:41,939 ERROR:^
2025-05-18 21:19:41,939 ERROR:^
2025-05-18 21:19:41,939 ERROR:FileNotFoundError
2025-05-18 21:19:41,940 ERROR::
2025-05-18 21:19:41,940 ERROR:[Errno 2] No such file or directory: 'c:\\Users\\Admin\\pythonp\\src\\san5\\APIFE\\data\\api.log'
