2025-06-09 17:22:08,860 INFO:Configuration loaded from config\config.json
2025-06-09 17:22:08,956 INFO:Error al crear tablas: (pyodbc.ProgrammingError) ('42000', '[42000] [Microsoft][ODBC SQL Server Driver][SQL Server]Cannot open database "FEPRD" requested by the login. The login failed. (4060) (SQLDriverConnect); [42000] [Microsoft][ODBC SQL Server Driver]Atributo de cadena de conexión no válido (0); [42000] [Microsoft][ODBC SQL Server Driver][SQL Server]Cannot open database "FEPRD" requested by the login. The login failed. (4060); [42000] [Microsoft][ODBC SQL Server Driver]Atributo de cadena de conexión no válido (0)')
2025-06-09 17:22:08,957 INFO:(Background on this error at: https://sqlalche.me/e/20/f405)
2025-06-09 17:22:08,958 DEBUG:Looking up time zone info from registry
2025-06-09 17:22:08,961 INFO:Adding job tentatively -- it will be properly scheduled when the scheduler starts
2025-06-09 17:22:08,962 INFO:Added job "delete_expired_tokens" to job store "default"
2025-06-09 17:22:08,962 INFO:Scheduler started
2025-06-09 17:22:08,966 DEBUG:Looking for jobs to run
2025-06-09 17:22:08,966 INFO:Iniciando Uvicorn con SSL en https://0.0.0.0:8003
2025-06-09 17:22:08,967 DEBUG:Next wakeup is due at 2025-06-09 17:52:08.961976-04:00 (in 1799.994962 seconds)
2025-06-09 17:22:08,972 DEBUG:Using selector: SelectSelector
2025-06-09 17:22:09,092 INFO:Started server process [218816]
2025-06-09 17:22:09,093 INFO:Waiting for application startup.
2025-06-09 17:22:09,094 INFO:ASGI 'lifespan' protocol appears unsupported.
2025-06-09 17:22:09,094 INFO:Application startup complete.
2025-06-09 17:22:09,096 INFO:Uvicorn running on https://0.0.0.0:8003 (Press CTRL+C to quit)
2025-06-09 21:12:14,606 DEBUG:Looking for jobs to run
2025-06-09 21:12:14,612 WARNING:Run time of job "delete_expired_tokens (trigger: interval[0:30:00], next run at: 2025-06-09 17:52:08 -04)" was missed by 0:20:05.649845
2025-06-09 21:12:14,613 DEBUG:Next wakeup is due at 2025-06-09 21:22:08.961976-04:00 (in 594.348143 seconds)
2025-06-09 21:22:08,977 DEBUG:Looking for jobs to run
2025-06-09 21:22:08,979 DEBUG:Next wakeup is due at 2025-06-09 21:52:08.961976-04:00 (in 1799.982620 seconds)
2025-06-09 21:22:08,980 INFO:Running job "delete_expired_tokens (trigger: interval[0:30:00], next run at: 2025-06-09 21:52:08 -04)" (scheduled at 2025-06-09 21:22:08.961976-04:00)
2025-06-09 21:22:09,464 INFO:Tokens eliminados: 3
2025-06-09 21:22:09,469 INFO:Job "delete_expired_tokens (trigger: interval[0:30:00], next run at: 2025-06-09 21:52:08 -04)" executed successfully
2025-06-09 21:52:08,980 DEBUG:Looking for jobs to run
2025-06-09 21:52:08,981 DEBUG:Next wakeup is due at 2025-06-09 22:22:08.961976-04:00 (in 1799.980398 seconds)
2025-06-09 21:52:08,981 INFO:Running job "delete_expired_tokens (trigger: interval[0:30:00], next run at: 2025-06-09 22:22:08 -04)" (scheduled at 2025-06-09 21:52:08.961976-04:00)
2025-06-09 21:52:09,018 INFO:Tokens eliminados: 0
2025-06-09 21:52:09,018 INFO:Job "delete_expired_tokens (trigger: interval[0:30:00], next run at: 2025-06-09 22:22:08 -04)" executed successfully
2025-06-09 22:22:08,971 DEBUG:Looking for jobs to run
2025-06-09 22:22:08,972 DEBUG:Next wakeup is due at 2025-06-09 22:52:08.961976-04:00 (in 1799.989374 seconds)
2025-06-09 22:22:08,973 INFO:Running job "delete_expired_tokens (trigger: interval[0:30:00], next run at: 2025-06-09 22:52:08 -04)" (scheduled at 2025-06-09 22:22:08.961976-04:00)
2025-06-09 22:22:09,008 INFO:Tokens eliminados: 0
2025-06-09 22:22:09,009 INFO:Job "delete_expired_tokens (trigger: interval[0:30:00], next run at: 2025-06-09 22:52:08 -04)" executed successfully
2025-06-09 22:52:08,975 DEBUG:Looking for jobs to run
2025-06-09 22:52:08,975 DEBUG:Next wakeup is due at 2025-06-09 23:22:08.961976-04:00 (in 1799.986874 seconds)
2025-06-09 22:52:08,976 INFO:Running job "delete_expired_tokens (trigger: interval[0:30:00], next run at: 2025-06-09 23:22:08 -04)" (scheduled at 2025-06-09 22:52:08.961976-04:00)
2025-06-09 22:52:08,991 INFO:Tokens eliminados: 0
2025-06-09 22:52:08,992 INFO:Job "delete_expired_tokens (trigger: interval[0:30:00], next run at: 2025-06-09 23:22:08 -04)" executed successfully
