2025-05-18 17:57:09,654 INFO:Archivo de log renombrado a: c:\Users\Admin\pythonp\src\san5\APIFE\data\api20250518_175709..log
2025-05-18 17:57:09,942 INFO:Configuration loaded from config\config.json
2025-05-18 17:57:10,187 INFO:Tablas creadas exitosamente o ya existen.
2025-05-18 17:57:10,187 DEBUG:Looking up time zone info from registry
2025-05-18 17:57:10,189 INFO:Adding job tentatively -- it will be properly scheduled when the scheduler starts
2025-05-18 17:57:10,190 INFO:Added job "delete_expired_tokens" to job store "default"
2025-05-18 17:57:10,190 INFO:Scheduler started
2025-05-18 17:57:10,190 DEBUG:Looking for jobs to run
2025-05-18 17:57:10,191 INFO:Iniciando Uvicorn con SSL en https://0.0.0.0:8001
2025-05-18 17:57:10,191 DEBUG:Next wakeup is due at 2025-05-18 18:57:10.189086-04:00 (in 3599.998006 seconds)
2025-05-18 17:57:10,194 DEBUG:Using selector: SelectSelector
2025-05-18 17:57:10,244 INFO:Started server process [4760]
2025-05-18 17:57:10,244 INFO:Waiting for application startup.
2025-05-18 17:57:10,244 INFO:ASGI 'lifespan' protocol appears unsupported.
2025-05-18 17:57:10,244 INFO:Application startup complete.
2025-05-18 17:57:10,245 INFO:Uvicorn running on https://0.0.0.0:8001 (Press CTRL+C to quit)
2025-05-18 17:57:15,532 ERROR:2025-05-18 17:57:15,530 - INFO - Acceso a CuentasBalance con autorización válida
2025-05-18 17:57:15,530 INFO:Acceso a CuentasBalance con autorización válida
2025-05-18 17:57:15,532 ERROR:Error de validación: Tipo de solicitud inválido
2025-05-18 17:57:15,534 INFO:127.0.0.1:49887 - "GET /EF?fecha_inicio=2024-12-16&fecha_fin=2025-01-31 HTTP/1.1" 400
2025-05-18 17:59:45,668 ERROR:2025-05-18 17:59:45,668 - INFO - Acceso a CuentasBalance con autorización válida
2025-05-18 17:59:45,668 INFO:Acceso a CuentasBalance con autorización válida
2025-05-18 17:59:45,670 ERROR:Error de validación: Tipo de solicitud inválido
2025-05-18 17:59:45,670 INFO:127.0.0.1:53511 - "GET /EF?fecha_inicio=2024-12-16&fecha_fin=2025-01-31 HTTP/1.1" 400
