2025-05-18 18:21:23,317 INFO:Archivo de log renombrado a: c:\Users\Admin\pythonp\src\san5\APIFE\data\api20250518_182123..log
2025-05-18 18:21:23,633 INFO:Configuration loaded from config\config.json
2025-05-18 18:21:23,894 INFO:Tablas creadas exitosamente o ya existen.
2025-05-18 18:21:23,894 DEBUG:Looking up time zone info from registry
2025-05-18 18:21:23,896 INFO:Adding job tentatively -- it will be properly scheduled when the scheduler starts
2025-05-18 18:21:23,896 INFO:Added job "delete_expired_tokens" to job store "default"
2025-05-18 18:21:23,896 INFO:Scheduler started
2025-05-18 18:21:23,897 DEBUG:Looking for jobs to run
2025-05-18 18:21:23,897 INFO:Iniciando Uvicorn con SSL en https://0.0.0.0:8001
2025-05-18 18:21:23,897 DEBUG:Next wakeup is due at 2025-05-18 19:21:23.896707-04:00 (in 3599.998985 seconds)
2025-05-18 18:21:23,902 DEBUG:Using selector: SelectSelector
2025-05-18 18:21:23,963 INFO:Started server process [14912]
2025-05-18 18:21:23,963 INFO:Waiting for application startup.
2025-05-18 18:21:23,964 INFO:ASGI 'lifespan' protocol appears unsupported.
2025-05-18 18:21:23,964 INFO:Application startup complete.
2025-05-18 18:21:23,965 INFO:Uvicorn running on https://0.0.0.0:8001 (Press CTRL+C to quit)
2025-05-18 18:21:25,569 ERROR:2025-05-18 18:21:25,568 - INFO - Acceso a EstadosFiscales con autorización válida
2025-05-18 18:21:25,568 INFO:Acceso a EstadosFiscales con autorización válida
2025-05-18 18:21:26,517 INFO:127.0.0.1:52510 - "GET /EF?fecha_inicio=2024-12-16&fecha_fin=2025-01-31 HTTP/1.1" 200
2025-05-18 18:21:34,901 ERROR:2025-05-18 18:21:34,901 - INFO - Acceso a EstadosFiscales con autorización válida
2025-05-18 18:21:34,901 INFO:Acceso a EstadosFiscales con autorización válida
2025-05-18 18:21:35,408 INFO:127.0.0.1:52733 - "GET /EF?fecha_inicio=2024-12-16&fecha_fin=2025-01-31 HTTP/1.1" 200
