2025-05-18 17:55:22,127 INFO:Archivo de log renombrado a: c:\Users\Admin\pythonp\src\san5\APIFE\data\api20250518_175522..log
2025-05-18 17:55:22,414 INFO:Configuration loaded from config\config.json
2025-05-18 17:55:22,688 INFO:Tablas creadas exitosamente o ya existen.
2025-05-18 17:55:22,689 DEBUG:Looking up time zone info from registry
2025-05-18 17:55:22,691 INFO:Adding job tentatively -- it will be properly scheduled when the scheduler starts
2025-05-18 17:55:22,692 INFO:Added job "delete_expired_tokens" to job store "default"
2025-05-18 17:55:22,692 INFO:Scheduler started
2025-05-18 17:55:22,692 DEBUG:Looking for jobs to run
2025-05-18 17:55:22,692 INFO:Iniciando Uvicorn con SSL en https://0.0.0.0:8001
2025-05-18 17:55:22,693 DEBUG:Next wakeup is due at 2025-05-18 18:55:22.691825-04:00 (in 3599.997999 seconds)
2025-05-18 17:55:22,697 DEBUG:Using selector: SelectSelector
2025-05-18 17:55:22,752 INFO:Started server process [10808]
2025-05-18 17:55:22,752 INFO:Waiting for application startup.
2025-05-18 17:55:22,752 INFO:ASGI 'lifespan' protocol appears unsupported.
2025-05-18 17:55:22,752 INFO:Application startup complete.
2025-05-18 17:55:22,753 INFO:Uvicorn running on https://0.0.0.0:8001 (Press CTRL+C to quit)
2025-05-18 17:56:30,038 ERROR:2025-05-18 17:56:30,038 - INFO - Acceso a CuentasBalance con autorización válida
2025-05-18 17:56:30,038 INFO:Acceso a CuentasBalance con autorización válida
2025-05-18 17:56:30,038 ERROR:Error de validación: El parámetro cedula es obligatorio
2025-05-18 17:56:30,040 INFO:127.0.0.1:64815 - "GET /EF?fecha_inicio=2024-12-16&fecha_fin=2025-01-31 HTTP/1.1" 400
