2025-05-19 14:40:15,911 INFO:Configuration loaded from config\config.json
2025-05-19 14:40:16,067 INFO:Tablas creadas exitosamente o ya existen.
2025-05-19 14:40:16,067 DEBUG:Looking up time zone info from registry
2025-05-19 14:40:16,085 INFO:Adding job tentatively -- it will be properly scheduled when the scheduler starts
2025-05-19 14:40:16,086 INFO:Added job "delete_expired_tokens" to job store "default"
2025-05-19 14:40:16,086 INFO:Scheduler started
2025-05-19 14:40:16,086 DEBUG:Looking for jobs to run
2025-05-19 14:40:16,086 INFO:Iniciando Uvicorn con SSL en https://0.0.0.0:8003
2025-05-19 14:40:16,086 DEBUG:Next wakeup is due at 2025-05-19 15:40:16.085066-04:00 (in 3599.998979 seconds)
2025-05-19 14:40:16,088 DEBUG:Using selector: SelectSelector
2025-05-19 14:40:16,262 INFO:Started server process [19568]
2025-05-19 14:40:16,262 INFO:Waiting for application startup.
2025-05-19 14:40:16,262 INFO:ASGI 'lifespan' protocol appears unsupported.
2025-05-19 14:40:16,262 INFO:Application startup complete.
2025-05-19 14:40:16,262 INFO:Uvicorn running on https://0.0.0.0:8003 (Press CTRL+C to quit)
2025-05-19 14:52:33,570 ERROR:2025-05-19 14:52:33,570 - INFO - Acceso a EstadosFiscales con autorización válida
2025-05-19 14:52:33,570 INFO:Acceso a EstadosFiscales con autorización válida
2025-05-19 14:52:33,869 INFO:192.168.110.94:50046 - "GET /EF?fecha_inicio=2024-12-16&fecha_fin=2025-01-31&caja=A&estado_fiscal=99 HTTP/1.1" 200
2025-05-19 15:14:21,862 ERROR:2025-05-19 15:14:21,862 - INFO - Acceso a EstadosFiscales con autorización válida
2025-05-19 15:14:21,862 INFO:Acceso a EstadosFiscales con autorización válida
2025-05-19 15:14:22,262 INFO:127.0.0.1:54231 - "GET /EF?fecha_inicio=2024-12-16&fecha_fin=2025-01-31&caja=A&estado_fiscal=99 HTTP/1.1" 200
